mode: set
github.com/adityapadekar-josh/Wheelio-Backend.git/internal/app/user/domain.go:81.49,84.37 2 1
github.com/adityapadekar-josh/Wheelio-Backend.git/internal/app/user/domain.go:84.37,86.3 1 1
github.com/adityapadekar-josh/Wheelio-Backend.git/internal/app/user/domain.go:88.2,88.38 1 1
github.com/adityapadekar-josh/Wheelio-Backend.git/internal/app/user/domain.go:88.38,90.3 1 1
github.com/adityapadekar-josh/Wheelio-Backend.git/internal/app/user/domain.go:90.8,90.65 1 1
github.com/adityapadekar-josh/Wheelio-Backend.git/internal/app/user/domain.go:90.65,92.3 1 1
github.com/adityapadekar-josh/Wheelio-Backend.git/internal/app/user/domain.go:94.2,94.44 1 1
github.com/adityapadekar-josh/Wheelio-Backend.git/internal/app/user/domain.go:94.44,96.3 1 1
github.com/adityapadekar-josh/Wheelio-Backend.git/internal/app/user/domain.go:96.8,96.71 1 1
github.com/adityapadekar-josh/Wheelio-Backend.git/internal/app/user/domain.go:96.71,98.3 1 1
github.com/adityapadekar-josh/Wheelio-Backend.git/internal/app/user/domain.go:100.2,100.41 1 1
github.com/adityapadekar-josh/Wheelio-Backend.git/internal/app/user/domain.go:100.41,102.3 1 1
github.com/adityapadekar-josh/Wheelio-Backend.git/internal/app/user/domain.go:104.2,104.37 1 1
github.com/adityapadekar-josh/Wheelio-Backend.git/internal/app/user/domain.go:104.37,106.3 1 1
github.com/adityapadekar-josh/Wheelio-Backend.git/internal/app/user/domain.go:106.8,106.49 1 1
github.com/adityapadekar-josh/Wheelio-Backend.git/internal/app/user/domain.go:106.49,108.3 1 1
github.com/adityapadekar-josh/Wheelio-Backend.git/internal/app/user/domain.go:110.2,110.31 1 1
github.com/adityapadekar-josh/Wheelio-Backend.git/internal/app/user/domain.go:110.31,112.3 1 1
github.com/adityapadekar-josh/Wheelio-Backend.git/internal/app/user/domain.go:114.2,114.12 1 1
github.com/adityapadekar-josh/Wheelio-Backend.git/internal/app/user/domain.go:117.48,120.38 2 1
github.com/adityapadekar-josh/Wheelio-Backend.git/internal/app/user/domain.go:120.38,122.3 1 1
github.com/adityapadekar-josh/Wheelio-Backend.git/internal/app/user/domain.go:122.8,122.65 1 1
github.com/adityapadekar-josh/Wheelio-Backend.git/internal/app/user/domain.go:122.65,124.3 1 1
github.com/adityapadekar-josh/Wheelio-Backend.git/internal/app/user/domain.go:126.2,126.41 1 1
github.com/adityapadekar-josh/Wheelio-Backend.git/internal/app/user/domain.go:126.41,128.3 1 1
github.com/adityapadekar-josh/Wheelio-Backend.git/internal/app/user/domain.go:130.2,130.31 1 1
github.com/adityapadekar-josh/Wheelio-Backend.git/internal/app/user/domain.go:130.31,132.3 1 1
github.com/adityapadekar-josh/Wheelio-Backend.git/internal/app/user/domain.go:134.2,134.12 1 1
github.com/adityapadekar-josh/Wheelio-Backend.git/internal/app/user/domain.go:137.52,140.38 2 1
github.com/adityapadekar-josh/Wheelio-Backend.git/internal/app/user/domain.go:140.38,142.3 1 1
github.com/adityapadekar-josh/Wheelio-Backend.git/internal/app/user/domain.go:144.2,144.41 1 1
github.com/adityapadekar-josh/Wheelio-Backend.git/internal/app/user/domain.go:144.41,146.3 1 1
github.com/adityapadekar-josh/Wheelio-Backend.git/internal/app/user/domain.go:148.2,148.31 1 1
github.com/adityapadekar-josh/Wheelio-Backend.git/internal/app/user/domain.go:148.31,150.3 1 1
github.com/adityapadekar-josh/Wheelio-Backend.git/internal/app/user/domain.go:152.2,152.12 1 1
github.com/adityapadekar-josh/Wheelio-Backend.git/internal/app/user/domain.go:155.33,156.38 1 1
github.com/adityapadekar-josh/Wheelio-Backend.git/internal/app/user/domain.go:156.38,158.3 1 1
github.com/adityapadekar-josh/Wheelio-Backend.git/internal/app/user/domain.go:160.2,160.12 1 1
github.com/adityapadekar-josh/Wheelio-Backend.git/internal/app/user/domain.go:163.33,164.38 1 1
github.com/adityapadekar-josh/Wheelio-Backend.git/internal/app/user/domain.go:164.38,166.3 1 1
github.com/adityapadekar-josh/Wheelio-Backend.git/internal/app/user/domain.go:166.8,166.65 1 1
github.com/adityapadekar-josh/Wheelio-Backend.git/internal/app/user/domain.go:166.65,168.3 1 1
github.com/adityapadekar-josh/Wheelio-Backend.git/internal/app/user/domain.go:170.2,170.12 1 1
github.com/adityapadekar-josh/Wheelio-Backend.git/internal/app/user/handler.go:12.55,13.54 1 1
github.com/adityapadekar-josh/Wheelio-Backend.git/internal/app/user/handler.go:13.54,18.17 4 1
github.com/adityapadekar-josh/Wheelio-Backend.git/internal/app/user/handler.go:18.17,22.4 3 1
github.com/adityapadekar-josh/Wheelio-Backend.git/internal/app/user/handler.go:24.3,25.17 2 1
github.com/adityapadekar-josh/Wheelio-Backend.git/internal/app/user/handler.go:25.17,30.4 4 1
github.com/adityapadekar-josh/Wheelio-Backend.git/internal/app/user/handler.go:32.3,32.125 1 1
github.com/adityapadekar-josh/Wheelio-Backend.git/internal/app/user/handler.go:36.55,37.54 1 1
github.com/adityapadekar-josh/Wheelio-Backend.git/internal/app/user/handler.go:37.54,42.17 4 1
github.com/adityapadekar-josh/Wheelio-Backend.git/internal/app/user/handler.go:42.17,46.4 3 1
github.com/adityapadekar-josh/Wheelio-Backend.git/internal/app/user/handler.go:48.3,49.17 2 1
github.com/adityapadekar-josh/Wheelio-Backend.git/internal/app/user/handler.go:49.17,54.4 4 1
github.com/adityapadekar-josh/Wheelio-Backend.git/internal/app/user/handler.go:56.3,56.70 1 1
github.com/adityapadekar-josh/Wheelio-Backend.git/internal/app/user/handler.go:60.56,61.54 1 1
github.com/adityapadekar-josh/Wheelio-Backend.git/internal/app/user/handler.go:61.54,66.17 4 1
github.com/adityapadekar-josh/Wheelio-Backend.git/internal/app/user/handler.go:66.17,70.4 3 1
github.com/adityapadekar-josh/Wheelio-Backend.git/internal/app/user/handler.go:72.3,73.17 2 1
github.com/adityapadekar-josh/Wheelio-Backend.git/internal/app/user/handler.go:73.17,78.4 4 1
github.com/adityapadekar-josh/Wheelio-Backend.git/internal/app/user/handler.go:80.3,80.77 1 1
github.com/adityapadekar-josh/Wheelio-Backend.git/internal/app/user/handler.go:84.59,85.54 1 1
github.com/adityapadekar-josh/Wheelio-Backend.git/internal/app/user/handler.go:85.54,90.17 4 1
github.com/adityapadekar-josh/Wheelio-Backend.git/internal/app/user/handler.go:90.17,94.4 3 1
github.com/adityapadekar-josh/Wheelio-Backend.git/internal/app/user/handler.go:96.3,97.17 2 1
github.com/adityapadekar-josh/Wheelio-Backend.git/internal/app/user/handler.go:97.17,102.4 4 1
github.com/adityapadekar-josh/Wheelio-Backend.git/internal/app/user/handler.go:104.3,104.104 1 1
github.com/adityapadekar-josh/Wheelio-Backend.git/internal/app/user/handler.go:108.58,109.54 1 1
github.com/adityapadekar-josh/Wheelio-Backend.git/internal/app/user/handler.go:109.54,114.17 4 1
github.com/adityapadekar-josh/Wheelio-Backend.git/internal/app/user/handler.go:114.17,118.4 3 1
github.com/adityapadekar-josh/Wheelio-Backend.git/internal/app/user/handler.go:120.3,121.17 2 1
github.com/adityapadekar-josh/Wheelio-Backend.git/internal/app/user/handler.go:121.17,126.4 4 1
github.com/adityapadekar-josh/Wheelio-Backend.git/internal/app/user/handler.go:128.3,128.84 1 1
github.com/adityapadekar-josh/Wheelio-Backend.git/internal/app/user/handler.go:132.60,133.54 1 1
github.com/adityapadekar-josh/Wheelio-Backend.git/internal/app/user/handler.go:133.54,137.17 3 1
github.com/adityapadekar-josh/Wheelio-Backend.git/internal/app/user/handler.go:137.17,142.4 4 1
github.com/adityapadekar-josh/Wheelio-Backend.git/internal/app/user/handler.go:144.3,144.82 1 1
github.com/adityapadekar-josh/Wheelio-Backend.git/internal/app/user/handler.go:148.66,149.54 1 1
github.com/adityapadekar-josh/Wheelio-Backend.git/internal/app/user/handler.go:149.54,153.17 3 1
github.com/adityapadekar-josh/Wheelio-Backend.git/internal/app/user/handler.go:153.17,158.4 4 1
github.com/adityapadekar-josh/Wheelio-Backend.git/internal/app/user/handler.go:160.3,160.82 1 1
github.com/adityapadekar-josh/Wheelio-Backend.git/internal/app/user/handler.go:164.63,165.54 1 1
github.com/adityapadekar-josh/Wheelio-Backend.git/internal/app/user/handler.go:165.54,169.17 3 1
github.com/adityapadekar-josh/Wheelio-Backend.git/internal/app/user/handler.go:169.17,174.4 4 1
github.com/adityapadekar-josh/Wheelio-Backend.git/internal/app/user/handler.go:176.3,176.89 1 1
github.com/adityapadekar-josh/Wheelio-Backend.git/internal/app/user/service.go:35.95,40.2 1 1
github.com/adityapadekar-josh/Wheelio-Backend.git/internal/app/user/service.go:42.100,44.16 2 1
github.com/adityapadekar-josh/Wheelio-Backend.git/internal/app/user/service.go:44.16,47.3 2 1
github.com/adityapadekar-josh/Wheelio-Backend.git/internal/app/user/service.go:49.2,50.16 2 1
github.com/adityapadekar-josh/Wheelio-Backend.git/internal/app/user/service.go:50.16,53.3 2 0
github.com/adityapadekar-josh/Wheelio-Backend.git/internal/app/user/service.go:55.2,58.16 3 1
github.com/adityapadekar-josh/Wheelio-Backend.git/internal/app/user/service.go:58.16,61.3 2 1
github.com/adityapadekar-josh/Wheelio-Backend.git/internal/app/user/service.go:63.2,63.15 1 1
github.com/adityapadekar-josh/Wheelio-Backend.git/internal/app/user/service.go:63.15,64.78 1 1
github.com/adityapadekar-josh/Wheelio-Backend.git/internal/app/user/service.go:64.78,67.4 2 1
github.com/adityapadekar-josh/Wheelio-Backend.git/internal/app/user/service.go:70.2,71.16 2 1
github.com/adityapadekar-josh/Wheelio-Backend.git/internal/app/user/service.go:71.16,74.3 2 1
github.com/adityapadekar-josh/Wheelio-Backend.git/internal/app/user/service.go:76.2,77.16 2 1
github.com/adityapadekar-josh/Wheelio-Backend.git/internal/app/user/service.go:77.16,80.3 2 1
github.com/adityapadekar-josh/Wheelio-Backend.git/internal/app/user/service.go:82.2,84.16 3 1
github.com/adityapadekar-josh/Wheelio-Backend.git/internal/app/user/service.go:84.16,87.3 2 1
github.com/adityapadekar-josh/Wheelio-Backend.git/internal/app/user/service.go:89.2,94.16 5 1
github.com/adityapadekar-josh/Wheelio-Backend.git/internal/app/user/service.go:94.16,97.3 2 1
github.com/adityapadekar-josh/Wheelio-Backend.git/internal/app/user/service.go:99.2,99.12 1 1
github.com/adityapadekar-josh/Wheelio-Backend.git/internal/app/user/service.go:102.122,104.16 2 1
github.com/adityapadekar-josh/Wheelio-Backend.git/internal/app/user/service.go:104.16,107.3 2 1
github.com/adityapadekar-josh/Wheelio-Backend.git/internal/app/user/service.go:109.2,110.16 2 1
github.com/adityapadekar-josh/Wheelio-Backend.git/internal/app/user/service.go:110.16,113.3 2 1
github.com/adityapadekar-josh/Wheelio-Backend.git/internal/app/user/service.go:115.2,115.22 1 1
github.com/adityapadekar-josh/Wheelio-Backend.git/internal/app/user/service.go:115.22,118.3 2 1
github.com/adityapadekar-josh/Wheelio-Backend.git/internal/app/user/service.go:120.2,121.24 2 1
github.com/adityapadekar-josh/Wheelio-Backend.git/internal/app/user/service.go:121.24,124.3 2 1
github.com/adityapadekar-josh/Wheelio-Backend.git/internal/app/user/service.go:126.2,132.16 2 1
github.com/adityapadekar-josh/Wheelio-Backend.git/internal/app/user/service.go:132.16,135.3 2 1
github.com/adityapadekar-josh/Wheelio-Backend.git/internal/app/user/service.go:137.2,137.45 1 1
github.com/adityapadekar-josh/Wheelio-Backend.git/internal/app/user/service.go:140.77,142.16 2 1
github.com/adityapadekar-josh/Wheelio-Backend.git/internal/app/user/service.go:142.16,145.3 2 1
github.com/adityapadekar-josh/Wheelio-Backend.git/internal/app/user/service.go:147.2,148.113 2 1
github.com/adityapadekar-josh/Wheelio-Backend.git/internal/app/user/service.go:148.113,151.3 2 1
github.com/adityapadekar-josh/Wheelio-Backend.git/internal/app/user/service.go:153.2,154.16 2 1
github.com/adityapadekar-josh/Wheelio-Backend.git/internal/app/user/service.go:154.16,157.3 2 1
github.com/adityapadekar-josh/Wheelio-Backend.git/internal/app/user/service.go:159.2,160.16 2 1
github.com/adityapadekar-josh/Wheelio-Backend.git/internal/app/user/service.go:160.16,162.3 1 1
github.com/adityapadekar-josh/Wheelio-Backend.git/internal/app/user/service.go:164.2,164.12 1 1
github.com/adityapadekar-josh/Wheelio-Backend.git/internal/app/user/service.go:167.80,169.16 2 1
github.com/adityapadekar-josh/Wheelio-Backend.git/internal/app/user/service.go:169.16,172.3 2 1
github.com/adityapadekar-josh/Wheelio-Backend.git/internal/app/user/service.go:174.2,175.16 2 1
github.com/adityapadekar-josh/Wheelio-Backend.git/internal/app/user/service.go:175.16,178.3 2 1
github.com/adityapadekar-josh/Wheelio-Backend.git/internal/app/user/service.go:180.2,181.16 2 1
github.com/adityapadekar-josh/Wheelio-Backend.git/internal/app/user/service.go:181.16,184.3 2 1
github.com/adityapadekar-josh/Wheelio-Backend.git/internal/app/user/service.go:186.2,188.16 3 1
github.com/adityapadekar-josh/Wheelio-Backend.git/internal/app/user/service.go:188.16,191.3 2 1
github.com/adityapadekar-josh/Wheelio-Backend.git/internal/app/user/service.go:193.2,198.16 5 1
github.com/adityapadekar-josh/Wheelio-Backend.git/internal/app/user/service.go:198.16,201.3 2 1
github.com/adityapadekar-josh/Wheelio-Backend.git/internal/app/user/service.go:203.2,203.12 1 1
github.com/adityapadekar-josh/Wheelio-Backend.git/internal/app/user/service.go:206.113,208.16 2 1
github.com/adityapadekar-josh/Wheelio-Backend.git/internal/app/user/service.go:208.16,211.3 2 1
github.com/adityapadekar-josh/Wheelio-Backend.git/internal/app/user/service.go:213.2,214.109 2 1
github.com/adityapadekar-josh/Wheelio-Backend.git/internal/app/user/service.go:214.109,217.3 2 1
github.com/adityapadekar-josh/Wheelio-Backend.git/internal/app/user/service.go:219.2,220.16 2 1
github.com/adityapadekar-josh/Wheelio-Backend.git/internal/app/user/service.go:220.16,223.3 2 1
github.com/adityapadekar-josh/Wheelio-Backend.git/internal/app/user/service.go:225.2,226.16 2 1
github.com/adityapadekar-josh/Wheelio-Backend.git/internal/app/user/service.go:226.16,229.3 2 0
github.com/adityapadekar-josh/Wheelio-Backend.git/internal/app/user/service.go:231.2,232.16 2 1
github.com/adityapadekar-josh/Wheelio-Backend.git/internal/app/user/service.go:232.16,235.3 2 1
github.com/adityapadekar-josh/Wheelio-Backend.git/internal/app/user/service.go:237.2,238.16 2 1
github.com/adityapadekar-josh/Wheelio-Backend.git/internal/app/user/service.go:238.16,240.3 1 1
github.com/adityapadekar-josh/Wheelio-Backend.git/internal/app/user/service.go:242.2,242.12 1 1
github.com/adityapadekar-josh/Wheelio-Backend.git/internal/app/user/service.go:245.79,247.9 2 1
github.com/adityapadekar-josh/Wheelio-Backend.git/internal/app/user/service.go:247.9,250.3 2 1
github.com/adityapadekar-josh/Wheelio-Backend.git/internal/app/user/service.go:252.2,253.16 2 1
github.com/adityapadekar-josh/Wheelio-Backend.git/internal/app/user/service.go:253.16,256.3 2 1
github.com/adityapadekar-josh/Wheelio-Backend.git/internal/app/user/service.go:258.2,258.28 1 1
github.com/adityapadekar-josh/Wheelio-Backend.git/internal/app/user/service.go:261.74,263.9 2 1
github.com/adityapadekar-josh/Wheelio-Backend.git/internal/app/user/service.go:263.9,266.3 2 1
github.com/adityapadekar-josh/Wheelio-Backend.git/internal/app/user/service.go:268.2,269.16 2 1
github.com/adityapadekar-josh/Wheelio-Backend.git/internal/app/user/service.go:269.16,272.3 2 1
github.com/adityapadekar-josh/Wheelio-Backend.git/internal/app/user/service.go:274.2,274.12 1 1
github.com/adityapadekar-josh/Wheelio-Backend.git/internal/app/user/service.go:277.87,279.16 2 1
github.com/adityapadekar-josh/Wheelio-Backend.git/internal/app/user/service.go:279.16,282.3 2 1
github.com/adityapadekar-josh/Wheelio-Backend.git/internal/app/user/service.go:284.2,284.28 1 1
github.com/adityapadekar-josh/Wheelio-Backend.git/internal/app/user/service.go:287.96,289.9 2 1
github.com/adityapadekar-josh/Wheelio-Backend.git/internal/app/user/service.go:289.9,292.3 2 1
github.com/adityapadekar-josh/Wheelio-Backend.git/internal/app/user/service.go:294.2,295.16 2 1
github.com/adityapadekar-josh/Wheelio-Backend.git/internal/app/user/service.go:295.16,298.3 2 1
github.com/adityapadekar-josh/Wheelio-Backend.git/internal/app/user/service.go:300.2,306.16 2 1
github.com/adityapadekar-josh/Wheelio-Backend.git/internal/app/user/service.go:306.16,309.3 2 1
github.com/adityapadekar-josh/Wheelio-Backend.git/internal/app/user/service.go:311.2,311.45 1 1
